生成启动时间为 2015/6/15 23:32:26。
     1>项目“F:\WORK\anhei\trunk\server\lib\tinyxml\tinyxml_lib.vcxproj”在节点 2 上(Build 个目标)。
     1>ClCompile:
         C:\Program Files (x86)\Microsoft Visual Studio 12.0\VC\bin\CL.exe /c /ZI /nologo /W4 /WX- /Od /Oy- /D WIN32 /D _DEBUG /D _LIB /D _VC80_UPGRADE=0x0600 /D _MBCS /Gm /EHsc /RTC1 /MTd /GS /fp:precise /Zc:wchar_t /Zc:forScope /Fo"F:\WORK\anhei\trunk\server\lib\tinyxml\Debugtinyxml\\" /Fd"F:\WORK\anhei\trunk\server\lib\tinyxml\Debugtinyxml\vc120.pdb" /FR"F:\WORK\anhei\trunk\server\lib\tinyxml\Debugtinyxml\\" /Gd /TP /analyze- /errorReport:prompt tinystr.cpp tinyxml.cpp tinyxmlerror.cpp tinyxmlparser.cpp
         tinyxmlparser.cpp
         tinyxmlerror.cpp
         tinyxml.cpp
         tinystr.cpp
         正在生成代码...
       Lib:
         C:\Program Files (x86)\Microsoft Visual Studio 12.0\VC\bin\Lib.exe /OUT:"F:\WORK\anhei\trunk\server\lib\tinyxml\Debugtinyxml\tinyxml.lib" /NOLOGO F:\WORK\anhei\trunk\server\lib\tinyxml\Debugtinyxml\tinystr.obj
         F:\WORK\anhei\trunk\server\lib\tinyxml\Debugtinyxml\tinyxml.obj
         F:\WORK\anhei\trunk\server\lib\tinyxml\Debugtinyxml\tinyxmlerror.obj
         F:\WORK\anhei\trunk\server\lib\tinyxml\Debugtinyxml\tinyxmlparser.obj
         tinyxml_lib.vcxproj -> F:\WORK\anhei\trunk\server\lib\tinyxml\Debugtinyxml\tinyxml.lib
       BscMake:
         C:\Program Files (x86)\Microsoft Visual Studio 12.0\VC\bin\bscmake.exe /nologo /o"F:\WORK\anhei\trunk\server\lib\tinyxml\Debugtinyxml\tinyxml.bsc" F:\WORK\anhei\trunk\server\lib\tinyxml\Debugtinyxml\tinystr.sbr F:\WORK\anhei\trunk\server\lib\tinyxml\Debugtinyxml\tinyxml.sbr F:\WORK\anhei\trunk\server\lib\tinyxml\Debugtinyxml\tinyxmlerror.sbr F:\WORK\anhei\trunk\server\lib\tinyxml\Debugtinyxml\tinyxmlparser.sbr
     1>已完成生成项目“F:\WORK\anhei\trunk\server\lib\tinyxml\tinyxml_lib.vcxproj”(Build 个目标)的操作。

生成成功。

已用时间 00:00:01.72
